This file contains any messages produced by compilers while
running configure, to aid debugging if configure makes a mistake.

It was created by gpRepel configure 0.0.2, which was
generated by GNU Autoconf 2.68.  Invocation command line was

  $ ./configure 

## --------- ##
## Platform. ##
## --------- ##

hostname = localhost
uname -m = x86_64
uname -r = 3.0.0-rc3_64git
uname -s = Linux
uname -v = #15 SMP PREEMPT Thu Jun 16 09:26:21 CEST 2011

/usr/bin/uname -p = Intel(R) Core(TM)2 Quad CPU Q8200 @ 2.33GHz
/bin/uname -X     = unknown

/bin/arch              = unknown
/usr/bin/arch -k       = unknown
/usr/convex/getsysinfo = unknown
/usr/bin/hostinfo      = unknown
/bin/machine           = unknown
/usr/bin/oslevel       = unknown
/bin/universe          = unknown

PATH: /usr/local/sbin
PATH: /usr/local/bin
PATH: /usr/sbin
PATH: /usr/bin
PATH: /sbin
PATH: /bin
PATH: /opt/bin
PATH: /usr/local/bin
PATH: /usr/x86_64-pc-linux-gnu/gcc-bin/4.4.5
PATH: /usr/lib64/subversion/bin
PATH: /opt/cuda/computeprof/bin
PATH: /opt/cuda/bin


## ----------- ##
## Core tests. ##
## ----------- ##

configure:1717: checking "environment variable CUDA_HOME"
configure:1724: result: "using CUDA_HOME=/opt/cuda"
configure:1729: checking for /opt/cuda/bin/nvcc
configure:1743: result: yes
configure:1752: result: "nvcc found"
configure:1756: checking "whether this is the 64 bit linux version of CUDA"
configure:1759: checking for /opt/cuda/lib64/libcublas.so
configure:1773: result: yes
configure:1784: result: "yes -- using /opt/cuda/lib64 for CUDA libs"
configure:1804: result: "using -I/usr/lib64/R/include for R header files"
configure:1806: result: "using -L/usr/lib64/R/lib -lR for R shared libraries"
configure:1974: creating ./config.status

## ---------------------- ##
## Running config.status. ##
## ---------------------- ##

This file was extended by gpRepel config.status 0.0.2, which was
generated by GNU Autoconf 2.68.  Invocation command line was

  CONFIG_FILES    = 
  CONFIG_HEADERS  = 
  CONFIG_LINKS    = 
  CONFIG_COMMANDS = 
  $ ./config.status 

on localhost

config.status:729: creating src/Makefile

## ---------------- ##
## Cache variables. ##
## ---------------- ##

ac_cv_env_build_alias_set=
ac_cv_env_build_alias_value=
ac_cv_env_host_alias_set=
ac_cv_env_host_alias_value=
ac_cv_env_target_alias_set=
ac_cv_env_target_alias_value=
ac_cv_file__opt_cuda_bin_nvcc=yes
ac_cv_file__opt_cuda_lib64_libcublas_so=yes

## ----------------- ##
## Output variables. ##
## ----------------- ##

CPICFLAGS='-fpic'
CUDA_HOME='/opt/cuda'
DEFS='-DPACKAGE_NAME=\"gpRepel\" -DPACKAGE_TARNAME=\"gprepel\" -DPACKAGE_VERSION=\"0.0.2\" -DPACKAGE_STRING=\"gpRepel\ 0.0.2\" -DPACKAGE_BUGREPORT=\"\" -DPACKAGE_URL=\"\"'
ECHO_C=''
ECHO_N='-n'
ECHO_T=''
LIBOBJS=''
LIBS='-L/opt/cuda/lib64 -lcublas -lcuda'
LTLIBOBJS=''
PACKAGE_BUGREPORT=''
PACKAGE_NAME='gpRepel'
PACKAGE_STRING='gpRepel 0.0.2'
PACKAGE_TARNAME='gprepel'
PACKAGE_URL=''
PACKAGE_VERSION='0.0.2'
PATH_SEPARATOR=':'
RPATHFLAG='-Wl,-rpath,/opt/cuda/lib64'
R_INCLUDE='-I/usr/lib64/R/include'
R_LIB='-L/usr/lib64/R/lib -lR'
SHELL='/bin/sh'
bindir='${exec_prefix}/bin'
build_alias=''
datadir='${datarootdir}'
datarootdir='${prefix}/share'
docdir='${datarootdir}/doc/${PACKAGE_TARNAME}'
dvidir='${docdir}'
exec_prefix='${prefix}'
host_alias=''
htmldir='${docdir}'
includedir='${prefix}/include'
infodir='${datarootdir}/info'
libdir='${exec_prefix}/lib'
libexecdir='${exec_prefix}/libexec'
localedir='${datarootdir}/locale'
localstatedir='${prefix}/var'
mandir='${datarootdir}/man'
oldincludedir='/usr/include'
pdfdir='${docdir}'
prefix='/usr/local'
program_transform_name='s,x,x,'
psdir='${docdir}'
sbindir='${exec_prefix}/sbin'
sharedstatedir='${prefix}/com'
sysconfdir='${prefix}/etc'
target_alias=''

## ----------- ##
## confdefs.h. ##
## ----------- ##

/* confdefs.h */
#define PACKAGE_NAME "gpRepel"
#define PACKAGE_TARNAME "gprepel"
#define PACKAGE_VERSION "0.0.2"
#define PACKAGE_STRING "gpRepel 0.0.2"
#define PACKAGE_BUGREPORT ""
#define PACKAGE_URL ""

configure: exit 0
